{"/Users/cick/WebstormProjects/rmbr-me-server/src/app.js":{"path":"/Users/cick/WebstormProjects/rmbr-me-server/src/app.js","statementMap":{"0":{"start":{"line":1,"column":0},"end":{"line":1,"column":26}},"1":{"start":{"line":2,"column":16},"end":{"line":2,"column":34}},"2":{"start":{"line":3,"column":15},"end":{"line":3,"column":32}},"3":{"start":{"line":4,"column":13},"end":{"line":4,"column":28}},"4":{"start":{"line":5,"column":15},"end":{"line":5,"column":32}},"5":{"start":{"line":6,"column":21},"end":{"line":6,"column":40}},"6":{"start":{"line":8,"column":21},"end":{"line":8,"column":54}},"7":{"start":{"line":9,"column":20},"end":{"line":9,"column":51}},"8":{"start":{"line":10,"column":20},"end":{"line":10,"column":51}},"9":{"start":{"line":12,"column":19},"end":{"line":12,"column":48}},"10":{"start":{"line":14,"column":12},"end":{"line":14,"column":21}},"11":{"start":{"line":16,"column":21},"end":{"line":18,"column":12}},"12":{"start":{"line":20,"column":0},"end":{"line":20,"column":29}},"13":{"start":{"line":21,"column":0},"end":{"line":21,"column":15}},"14":{"start":{"line":22,"column":0},"end":{"line":22,"column":17}},"15":{"start":{"line":24,"column":0},"end":{"line":24,"column":36}},"16":{"start":{"line":25,"column":0},"end":{"line":25,"column":34}},"17":{"start":{"line":26,"column":0},"end":{"line":26,"column":32}},"18":{"start":{"line":27,"column":0},"end":{"line":27,"column":34}},"19":{"start":{"line":29,"column":0},"end":{"line":31,"column":2}},"20":{"start":{"line":30,"column":3},"end":{"line":30,"column":41}},"21":{"start":{"line":33,"column":0},"end":{"line":42,"column":2}},"22":{"start":{"line":35,"column":2},"end":{"line":40,"column":3}},"23":{"start":{"line":36,"column":4},"end":{"line":36,"column":53}},"24":{"start":{"line":38,"column":4},"end":{"line":38,"column":24}},"25":{"start":{"line":39,"column":4},"end":{"line":39,"column":48}},"26":{"start":{"line":41,"column":2},"end":{"line":41,"column":32}},"27":{"start":{"line":44,"column":0},"end":{"line":44,"column":20}}},"fnMap":{"0":{"name":"(anonymous_0)","decl":{"start":{"line":29,"column":13},"end":{"line":29,"column":14}},"loc":{"start":{"line":29,"column":27},"end":{"line":31,"column":1}},"line":29},"1":{"name":"errorHandler","decl":{"start":{"line":33,"column":17},"end":{"line":33,"column":29}},"loc":{"start":{"line":33,"column":53},"end":{"line":42,"column":1}},"line":33}},"branchMap":{"0":{"loc":{"start":{"line":16,"column":21},"end":{"line":18,"column":12}},"type":"cond-expr","locations":[{"start":{"line":17,"column":4},"end":{"line":17,"column":10}},{"start":{"line":18,"column":4},"end":{"line":18,"column":12}}],"line":16},"1":{"loc":{"start":{"line":35,"column":2},"end":{"line":40,"column":3}},"type":"if","locations":[{"start":{"line":35,"column":2},"end":{"line":40,"column":3}},{"start":{"line":35,"column":2},"end":{"line":40,"column":3}}],"line":35}},"s":{"0":1,"1":1,"2":1,"3":1,"4":1,"5":1,"6":1,"7":1,"8":1,"9":1,"10":1,"11":1,"12":1,"13":1,"14":1,"15":1,"16":1,"17":1,"18":1,"19":1,"20":0,"21":1,"22":0,"23":0,"24":0,"25":0,"26":0,"27":1},"f":{"0":0,"1":0},"b":{"0":[0,1],"1":[0,0]},"_coverageSchema":"1a1c01bbd47fc00a2c39e90264f33305004495a9","hash":"8591c7ecd11551b0b9f8e26546dd57cda8ab7afe","contentHash":"733dc01a8f9df4a242fb2d41b4fc1d537e1b03f10c68e446dd28ae6ac72c6795"},"/Users/cick/WebstormProjects/rmbr-me-server/src/config.js":{"path":"/Users/cick/WebstormProjects/rmbr-me-server/src/config.js","statementMap":{"0":{"start":{"line":1,"column":0},"end":{"line":8,"column":1}}},"fnMap":{},"branchMap":{"0":{"loc":{"start":{"line":2,"column":10},"end":{"line":2,"column":34}},"type":"binary-expr","locations":[{"start":{"line":2,"column":10},"end":{"line":2,"column":26}},{"start":{"line":2,"column":30},"end":{"line":2,"column":34}}],"line":2},"1":{"loc":{"start":{"line":3,"column":14},"end":{"line":3,"column":51}},"type":"binary-expr","locations":[{"start":{"line":3,"column":14},"end":{"line":3,"column":34}},{"start":{"line":3,"column":38},"end":{"line":3,"column":51}}],"line":3},"2":{"loc":{"start":{"line":4,"column":12},"end":{"line":4,"column":74}},"type":"binary-expr","locations":[{"start":{"line":4,"column":12},"end":{"line":4,"column":30}},{"start":{"line":4,"column":34},"end":{"line":4,"column":74}}],"line":4},"3":{"loc":{"start":{"line":5,"column":17},"end":{"line":5,"column":89}},"type":"binary-expr","locations":[{"start":{"line":5,"column":17},"end":{"line":5,"column":40}},{"start":{"line":5,"column":44},"end":{"line":5,"column":89}}],"line":5},"4":{"loc":{"start":{"line":6,"column":16},"end":{"line":6,"column":62}},"type":"binary-expr","locations":[{"start":{"line":6,"column":16},"end":{"line":6,"column":38}},{"start":{"line":6,"column":42},"end":{"line":6,"column":62}}],"line":6},"5":{"loc":{"start":{"line":7,"column":19},"end":{"line":7,"column":71}},"type":"binary-expr","locations":[{"start":{"line":7,"column":19},"end":{"line":7,"column":44}},{"start":{"line":7,"column":48},"end":{"line":7,"column":71}}],"line":7}},"s":{"0":1},"f":{},"b":{"0":[1,1],"1":[1,1],"2":[1,1],"3":[1,1],"4":[1,1],"5":[1,1]},"_coverageSchema":"1a1c01bbd47fc00a2c39e90264f33305004495a9","hash":"c7dde3f1b55997c63f6cffe1dd84e4c999c3d09f","contentHash":"29951bdc205f5240880a3aec9ba0a968600faefe351bce8d1bc3484915c1a74f"},"/Users/cick/WebstormProjects/rmbr-me-server/src/people/people-router.js":{"path":"/Users/cick/WebstormProjects/rmbr-me-server/src/people/people-router.js","statementMap":{"0":{"start":{"line":1,"column":16},"end":{"line":1,"column":34}},"1":{"start":{"line":2,"column":22},"end":{"line":2,"column":49}},"2":{"start":{"line":3,"column":24},"end":{"line":3,"column":57}},"3":{"start":{"line":5,"column":21},"end":{"line":5,"column":37}},"4":{"start":{"line":7,"column":0},"end":{"line":15,"column":6}},"5":{"start":{"line":10,"column":8},"end":{"line":14,"column":24}},"6":{"start":{"line":12,"column":16},"end":{"line":12,"column":67}},"7":{"start":{"line":17,"column":0},"end":{"line":23,"column":6}},"8":{"start":{"line":22,"column":8},"end":{"line":22,"column":59}},"9":{"start":{"line":25,"column":0},"end":{"line":37,"column":6}},"10":{"start":{"line":29,"column":8},"end":{"line":36,"column":20}},"11":{"start":{"line":34,"column":12},"end":{"line":34,"column":66}},"12":{"start":{"line":41,"column":4},"end":{"line":57,"column":5}},"13":{"start":{"line":42,"column":23},"end":{"line":45,"column":9}},"14":{"start":{"line":47,"column":4},"end":{"line":50,"column":10}},"15":{"start":{"line":48,"column":8},"end":{"line":50,"column":10}},"16":{"start":{"line":52,"column":4},"end":{"line":52,"column":23}},"17":{"start":{"line":53,"column":4},"end":{"line":53,"column":10}},"18":{"start":{"line":56,"column":8},"end":{"line":56,"column":19}},"19":{"start":{"line":60,"column":0},"end":{"line":60,"column":29}}},"fnMap":{"0":{"name":"(anonymous_0)","decl":{"start":{"line":9,"column":9},"end":{"line":9,"column":10}},"loc":{"start":{"line":9,"column":29},"end":{"line":15,"column":5}},"line":9},"1":{"name":"(anonymous_1)","decl":{"start":{"line":11,"column":18},"end":{"line":11,"column":19}},"loc":{"start":{"line":11,"column":28},"end":{"line":13,"column":13}},"line":11},"2":{"name":"(anonymous_2)","decl":{"start":{"line":21,"column":9},"end":{"line":21,"column":10}},"loc":{"start":{"line":21,"column":23},"end":{"line":23,"column":5}},"line":21},"3":{"name":"(anonymous_3)","decl":{"start":{"line":28,"column":9},"end":{"line":28,"column":10}},"loc":{"start":{"line":28,"column":29},"end":{"line":37,"column":5}},"line":28},"4":{"name":"(anonymous_4)","decl":{"start":{"line":33,"column":14},"end":{"line":33,"column":15}},"loc":{"start":{"line":33,"column":23},"end":{"line":35,"column":9}},"line":33},"5":{"name":"checkPersonExists","decl":{"start":{"line":40,"column":15},"end":{"line":40,"column":32}},"loc":{"start":{"line":40,"column":49},"end":{"line":58,"column":1}},"line":40}},"branchMap":{"0":{"loc":{"start":{"line":47,"column":4},"end":{"line":50,"column":10}},"type":"if","locations":[{"start":{"line":47,"column":4},"end":{"line":50,"column":10}},{"start":{"line":47,"column":4},"end":{"line":50,"column":10}}],"line":47}},"s":{"0":1,"1":1,"2":1,"3":1,"4":1,"5":0,"6":0,"7":1,"8":0,"9":1,"10":0,"11":0,"12":0,"13":0,"14":0,"15":0,"16":0,"17":0,"18":0,"19":1},"f":{"0":0,"1":0,"2":0,"3":0,"4":0,"5":0},"b":{"0":[0,0]},"_coverageSchema":"1a1c01bbd47fc00a2c39e90264f33305004495a9","hash":"a2de20e7e2650f3ee50c075ffa92870214705215","contentHash":"376043a118ec2d092e01d89e5f794157ada097cf3858e53daf0902a6af165c71"},"/Users/cick/WebstormProjects/rmbr-me-server/src/people/people-service.js":{"path":"/Users/cick/WebstormProjects/rmbr-me-server/src/people/people-service.js","statementMap":{"0":{"start":{"line":1,"column":12},"end":{"line":1,"column":26}},"1":{"start":{"line":3,"column":22},"end":{"line":121,"column":1}},"2":{"start":{"line":6,"column":8},"end":{"line":39,"column":36}},"3":{"start":{"line":44,"column":8},"end":{"line":46,"column":20}},"4":{"start":{"line":51,"column":25},"end":{"line":51,"column":31}},"5":{"start":{"line":53,"column":8},"end":{"line":67,"column":9}},"6":{"start":{"line":72,"column":25},"end":{"line":72,"column":29}},"7":{"start":{"line":74,"column":8},"end":{"line":86,"column":9}},"8":{"start":{"line":90,"column":8},"end":{"line":118,"column":36}},"9":{"start":{"line":123,"column":0},"end":{"line":123,"column":30}}},"fnMap":{"0":{"name":"(anonymous_0)","decl":{"start":{"line":5,"column":4},"end":{"line":5,"column":5}},"loc":{"start":{"line":5,"column":21},"end":{"line":41,"column":5}},"line":5},"1":{"name":"(anonymous_1)","decl":{"start":{"line":43,"column":4},"end":{"line":43,"column":5}},"loc":{"start":{"line":43,"column":20},"end":{"line":47,"column":5}},"line":43},"2":{"name":"(anonymous_2)","decl":{"start":{"line":49,"column":4},"end":{"line":49,"column":5}},"loc":{"start":{"line":49,"column":28},"end":{"line":68,"column":5}},"line":49},"3":{"name":"(anonymous_3)","decl":{"start":{"line":70,"column":4},"end":{"line":70,"column":5}},"loc":{"start":{"line":70,"column":30},"end":{"line":87,"column":5}},"line":70},"4":{"name":"(anonymous_4)","decl":{"start":{"line":89,"column":4},"end":{"line":89,"column":5}},"loc":{"start":{"line":89,"column":37},"end":{"line":119,"column":5}},"line":89}},"branchMap":{},"s":{"0":1,"1":1,"2":0,"3":0,"4":0,"5":0,"6":0,"7":0,"8":0,"9":1},"f":{"0":0,"1":0,"2":0,"3":0,"4":0},"b":{},"_coverageSchema":"1a1c01bbd47fc00a2c39e90264f33305004495a9","hash":"afee26ec51cd1f8f745cdf69e589afaf5d2d1bdf","contentHash":"c689a48c97f416a3ebcad5234853aff87b62ad09546a53d462cad47c5c4fd2d1"},"/Users/cick/WebstormProjects/rmbr-me-server/src/middleware/jwt-auth.js":{"path":"/Users/cick/WebstormProjects/rmbr-me-server/src/middleware/jwt-auth.js","statementMap":{"0":{"start":{"line":1,"column":20},"end":{"line":1,"column":51}},"1":{"start":{"line":5,"column":22},"end":{"line":6,"column":51}},"2":{"start":{"line":10,"column":4},"end":{"line":16,"column":69}},"3":{"start":{"line":13,"column":12},"end":{"line":15,"column":56}},"4":{"start":{"line":16,"column":17},"end":{"line":16,"column":67}},"5":{"start":{"line":18,"column":4},"end":{"line":43,"column":5}},"6":{"start":{"line":19,"column":24},"end":{"line":20,"column":51}},"7":{"start":{"line":22,"column":8},"end":{"line":38,"column":14}},"8":{"start":{"line":28,"column":16},"end":{"line":31,"column":64}},"9":{"start":{"line":29,"column":20},"end":{"line":31,"column":64}},"10":{"start":{"line":32,"column":20},"end":{"line":32,"column":35}},"11":{"start":{"line":33,"column":20},"end":{"line":33,"column":26}},"12":{"start":{"line":36,"column":16},"end":{"line":36,"column":32}},"13":{"start":{"line":37,"column":16},"end":{"line":37,"column":25}},"14":{"start":{"line":40,"column":4},"end":{"line":42,"column":48}},"15":{"start":{"line":46,"column":0},"end":{"line":48,"column":1}}},"fnMap":{"0":{"name":"requireAuth","decl":{"start":{"line":3,"column":9},"end":{"line":3,"column":20}},"loc":{"start":{"line":3,"column":37},"end":{"line":44,"column":1}},"line":3},"1":{"name":"(anonymous_1)","decl":{"start":{"line":27,"column":18},"end":{"line":27,"column":19}},"loc":{"start":{"line":27,"column":26},"end":{"line":34,"column":13}},"line":27},"2":{"name":"(anonymous_2)","decl":{"start":{"line":35,"column":19},"end":{"line":35,"column":20}},"loc":{"start":{"line":35,"column":26},"end":{"line":38,"column":13}},"line":35}},"branchMap":{"0":{"loc":{"start":{"line":5,"column":22},"end":{"line":6,"column":51}},"type":"binary-expr","locations":[{"start":{"line":5,"column":22},"end":{"line":6,"column":45}},{"start":{"line":6,"column":49},"end":{"line":6,"column":51}}],"line":5},"1":{"loc":{"start":{"line":10,"column":4},"end":{"line":16,"column":69}},"type":"if","locations":[{"start":{"line":10,"column":4},"end":{"line":16,"column":69}},{"start":{"line":10,"column":4},"end":{"line":16,"column":69}}],"line":10},"2":{"loc":{"start":{"line":28,"column":16},"end":{"line":31,"column":64}},"type":"if","locations":[{"start":{"line":28,"column":16},"end":{"line":31,"column":64}},{"start":{"line":28,"column":16},"end":{"line":31,"column":64}}],"line":28}},"s":{"0":1,"1":0,"2":0,"3":0,"4":0,"5":0,"6":0,"7":0,"8":0,"9":0,"10":0,"11":0,"12":0,"13":0,"14":0,"15":1},"f":{"0":0,"1":0,"2":0},"b":{"0":[0,0],"1":[0,0],"2":[0,0]},"_coverageSchema":"1a1c01bbd47fc00a2c39e90264f33305004495a9","hash":"f9a80a9965515eb028df29d73fa18a90abb28392","contentHash":"1840fae35adaca6f5004ae47308f03ebd51a5c2bd84b60c607120c1b94c72b96"},"/Users/cick/WebstormProjects/rmbr-me-server/src/auth/auth-service.js":{"path":"/Users/cick/WebstormProjects/rmbr-me-server/src/auth/auth-service.js","statementMap":{"0":{"start":{"line":1,"column":15},"end":{"line":1,"column":34}},"1":{"start":{"line":2,"column":12},"end":{"line":2,"column":35}},"2":{"start":{"line":3,"column":15},"end":{"line":3,"column":35}},"3":{"start":{"line":5,"column":20},"end":{"line":38,"column":1}},"4":{"start":{"line":8,"column":8},"end":{"line":10,"column":16}},"5":{"start":{"line":14,"column":8},"end":{"line":14,"column":45}},"6":{"start":{"line":18,"column":8},"end":{"line":22,"column":10}},"7":{"start":{"line":26,"column":8},"end":{"line":28,"column":10}},"8":{"start":{"line":32,"column":8},"end":{"line":35,"column":23}},"9":{"start":{"line":40,"column":0},"end":{"line":40,"column":28}}},"fnMap":{"0":{"name":"(anonymous_0)","decl":{"start":{"line":7,"column":4},"end":{"line":7,"column":5}},"loc":{"start":{"line":7,"column":39},"end":{"line":11,"column":5}},"line":7},"1":{"name":"(anonymous_1)","decl":{"start":{"line":13,"column":4},"end":{"line":13,"column":5}},"loc":{"start":{"line":13,"column":37},"end":{"line":15,"column":5}},"line":13},"2":{"name":"(anonymous_2)","decl":{"start":{"line":17,"column":4},"end":{"line":17,"column":5}},"loc":{"start":{"line":17,"column":32},"end":{"line":23,"column":5}},"line":17},"3":{"name":"(anonymous_3)","decl":{"start":{"line":25,"column":4},"end":{"line":25,"column":5}},"loc":{"start":{"line":25,"column":21},"end":{"line":29,"column":5}},"line":25},"4":{"name":"(anonymous_4)","decl":{"start":{"line":31,"column":4},"end":{"line":31,"column":5}},"loc":{"start":{"line":31,"column":27},"end":{"line":36,"column":5}},"line":31}},"branchMap":{},"s":{"0":1,"1":1,"2":1,"3":1,"4":0,"5":0,"6":0,"7":0,"8":0,"9":1},"f":{"0":0,"1":0,"2":0,"3":0,"4":0},"b":{},"_coverageSchema":"1a1c01bbd47fc00a2c39e90264f33305004495a9","hash":"7eb6d211221166ceadf50613af273927a901d163","contentHash":"d167610af236a1c1f5bd56e225cb5ef1e20f1804ba9a3afa9711f211859e5798"},"/Users/cick/WebstormProjects/rmbr-me-server/src/rmbrs/rmbrs-router.js":{"path":"/Users/cick/WebstormProjects/rmbr-me-server/src/rmbrs/rmbrs-router.js","statementMap":{"0":{"start":{"line":1,"column":16},"end":{"line":1,"column":34}},"1":{"start":{"line":2,"column":13},"end":{"line":2,"column":28}},"2":{"start":{"line":3,"column":21},"end":{"line":3,"column":50}},"3":{"start":{"line":5,"column":20},"end":{"line":5,"column":36}},"4":{"start":{"line":6,"column":19},"end":{"line":6,"column":33}},"5":{"start":{"line":8,"column":0},"end":{"line":29,"column":6}},"6":{"start":{"line":11,"column":68},"end":{"line":11,"column":76}},"7":{"start":{"line":12,"column":24},"end":{"line":12,"column":75}},"8":{"start":{"line":14,"column":8},"end":{"line":16,"column":81}},"9":{"start":{"line":15,"column":12},"end":{"line":16,"column":81}},"10":{"start":{"line":16,"column":16},"end":{"line":16,"column":81}},"11":{"start":{"line":18,"column":8},"end":{"line":28,"column":20}},"12":{"start":{"line":23,"column":12},"end":{"line":26,"column":55}},"13":{"start":{"line":31,"column":4},"end":{"line":31,"column":32}}},"fnMap":{"0":{"name":"(anonymous_0)","decl":{"start":{"line":10,"column":23},"end":{"line":10,"column":24}},"loc":{"start":{"line":10,"column":43},"end":{"line":29,"column":5}},"line":10},"1":{"name":"(anonymous_1)","decl":{"start":{"line":22,"column":14},"end":{"line":22,"column":15}},"loc":{"start":{"line":22,"column":22},"end":{"line":27,"column":9}},"line":22}},"branchMap":{"0":{"loc":{"start":{"line":15,"column":12},"end":{"line":16,"column":81}},"type":"if","locations":[{"start":{"line":15,"column":12},"end":{"line":16,"column":81}},{"start":{"line":15,"column":12},"end":{"line":16,"column":81}}],"line":15}},"s":{"0":1,"1":1,"2":1,"3":1,"4":1,"5":1,"6":0,"7":0,"8":0,"9":0,"10":0,"11":0,"12":0,"13":1},"f":{"0":0,"1":0},"b":{"0":[0,0]},"_coverageSchema":"1a1c01bbd47fc00a2c39e90264f33305004495a9","hash":"8df6c443e684c9725f5e7180906aa251466a024c","contentHash":"ac59e6494b767e49475db0b80afb07d26e1ddaf9eff5249d5faac8f5ee48d57d"},"/Users/cick/WebstormProjects/rmbr-me-server/src/rmbrs/rmbrs-service.js":{"path":"/Users/cick/WebstormProjects/rmbr-me-server/src/rmbrs/rmbrs-service.js","statementMap":{"0":{"start":{"line":1,"column":12},"end":{"line":1,"column":26}},"1":{"start":{"line":3,"column":21},"end":{"line":34,"column":1}},"2":{"start":{"line":6,"column":8},"end":{"line":10,"column":20}},"3":{"start":{"line":14,"column":8},"end":{"line":21,"column":13}},"4":{"start":{"line":18,"column":30},"end":{"line":18,"column":34}},"5":{"start":{"line":20,"column":16},"end":{"line":20,"column":49}},"6":{"start":{"line":25,"column":8},"end":{"line":31,"column":9}},"7":{"start":{"line":36,"column":0},"end":{"line":36,"column":29}}},"fnMap":{"0":{"name":"(anonymous_0)","decl":{"start":{"line":5,"column":4},"end":{"line":5,"column":5}},"loc":{"start":{"line":5,"column":20},"end":{"line":11,"column":5}},"line":5},"1":{"name":"(anonymous_1)","decl":{"start":{"line":13,"column":4},"end":{"line":13,"column":5}},"loc":{"start":{"line":13,"column":28},"end":{"line":22,"column":5}},"line":13},"2":{"name":"(anonymous_2)","decl":{"start":{"line":18,"column":18},"end":{"line":18,"column":19}},"loc":{"start":{"line":18,"column":30},"end":{"line":18,"column":34}},"line":18},"3":{"name":"(anonymous_3)","decl":{"start":{"line":19,"column":18},"end":{"line":19,"column":19}},"loc":{"start":{"line":20,"column":16},"end":{"line":20,"column":49}},"line":20},"4":{"name":"(anonymous_4)","decl":{"start":{"line":24,"column":4},"end":{"line":24,"column":5}},"loc":{"start":{"line":24,"column":24},"end":{"line":32,"column":5}},"line":24}},"branchMap":{},"s":{"0":1,"1":1,"2":0,"3":0,"4":0,"5":0,"6":0,"7":1},"f":{"0":0,"1":0,"2":0,"3":0,"4":0},"b":{},"_coverageSchema":"1a1c01bbd47fc00a2c39e90264f33305004495a9","hash":"77499feb08d458ac09397353a0fe9e599c5a9855","contentHash":"112715ae4c025d8a9970ba0cb9c0d4b2f5dfa4e13da48dfb9b5fc7e2a324f5d7"},"/Users/cick/WebstormProjects/rmbr-me-server/src/users/users-router.js":{"path":"/Users/cick/WebstormProjects/rmbr-me-server/src/users/users-router.js","statementMap":{"0":{"start":{"line":1,"column":16},"end":{"line":1,"column":34}},"1":{"start":{"line":2,"column":13},"end":{"line":2,"column":28}},"2":{"start":{"line":3,"column":21},"end":{"line":3,"column":47}},"3":{"start":{"line":5,"column":20},"end":{"line":5,"column":36}},"4":{"start":{"line":6,"column":19},"end":{"line":6,"column":33}},"5":{"start":{"line":8,"column":0},"end":{"line":59,"column":4}},"6":{"start":{"line":11,"column":36},"end":{"line":11,"column":44}},"7":{"start":{"line":13,"column":4},"end":{"line":17,"column":10}},"8":{"start":{"line":14,"column":6},"end":{"line":17,"column":10}},"9":{"start":{"line":15,"column":8},"end":{"line":17,"column":10}},"10":{"start":{"line":21,"column":26},"end":{"line":21,"column":65}},"11":{"start":{"line":23,"column":4},"end":{"line":26,"column":8}},"12":{"start":{"line":24,"column":6},"end":{"line":26,"column":8}},"13":{"start":{"line":28,"column":4},"end":{"line":58,"column":18}},"14":{"start":{"line":33,"column":8},"end":{"line":36,"column":12}},"15":{"start":{"line":34,"column":10},"end":{"line":36,"column":12}},"16":{"start":{"line":38,"column":8},"end":{"line":56,"column":12}},"17":{"start":{"line":40,"column":28},"end":{"line":44,"column":13}},"18":{"start":{"line":46,"column":12},"end":{"line":55,"column":16}},"19":{"start":{"line":51,"column":16},"end":{"line":54,"column":57}},"20":{"start":{"line":61,"column":0},"end":{"line":61,"column":28}}},"fnMap":{"0":{"name":"(anonymous_0)","decl":{"start":{"line":9,"column":25},"end":{"line":9,"column":26}},"loc":{"start":{"line":9,"column":45},"end":{"line":59,"column":3}},"line":9},"1":{"name":"(anonymous_1)","decl":{"start":{"line":32,"column":12},"end":{"line":32,"column":13}},"loc":{"start":{"line":32,"column":35},"end":{"line":57,"column":7}},"line":32},"2":{"name":"(anonymous_2)","decl":{"start":{"line":39,"column":16},"end":{"line":39,"column":17}},"loc":{"start":{"line":39,"column":34},"end":{"line":56,"column":11}},"line":39},"3":{"name":"(anonymous_3)","decl":{"start":{"line":50,"column":20},"end":{"line":50,"column":21}},"loc":{"start":{"line":50,"column":28},"end":{"line":55,"column":15}},"line":50}},"branchMap":{"0":{"loc":{"start":{"line":14,"column":6},"end":{"line":17,"column":10}},"type":"if","locations":[{"start":{"line":14,"column":6},"end":{"line":17,"column":10}},{"start":{"line":14,"column":6},"end":{"line":17,"column":10}}],"line":14},"1":{"loc":{"start":{"line":23,"column":4},"end":{"line":26,"column":8}},"type":"if","locations":[{"start":{"line":23,"column":4},"end":{"line":26,"column":8}},{"start":{"line":23,"column":4},"end":{"line":26,"column":8}}],"line":23},"2":{"loc":{"start":{"line":33,"column":8},"end":{"line":36,"column":12}},"type":"if","locations":[{"start":{"line":33,"column":8},"end":{"line":36,"column":12}},{"start":{"line":33,"column":8},"end":{"line":36,"column":12}}],"line":33}},"s":{"0":1,"1":1,"2":1,"3":1,"4":1,"5":1,"6":0,"7":0,"8":0,"9":0,"10":0,"11":0,"12":0,"13":0,"14":0,"15":0,"16":0,"17":0,"18":0,"19":0,"20":1},"f":{"0":0,"1":0,"2":0,"3":0},"b":{"0":[0,0],"1":[0,0],"2":[0,0]},"_coverageSchema":"1a1c01bbd47fc00a2c39e90264f33305004495a9","hash":"2e61a5ba98b079b49bbb8e194d79557f7e6d8b80","contentHash":"de6e301b7f9c439d0fdb938889e62632482382a1484ca53b2a601d6e2b27cea7"},"/Users/cick/WebstormProjects/rmbr-me-server/src/users/users-service.js":{"path":"/Users/cick/WebstormProjects/rmbr-me-server/src/users/users-service.js","statementMap":{"0":{"start":{"line":1,"column":15},"end":{"line":1,"column":34}},"1":{"start":{"line":2,"column":12},"end":{"line":2,"column":26}},"2":{"start":{"line":4,"column":41},"end":{"line":4,"column":98}},"3":{"start":{"line":6,"column":21},"end":{"line":51,"column":1}},"4":{"start":{"line":9,"column":4},"end":{"line":12,"column":27}},"5":{"start":{"line":12,"column":20},"end":{"line":12,"column":26}},"6":{"start":{"line":16,"column":4},"end":{"line":20,"column":29}},"7":{"start":{"line":20,"column":24},"end":{"line":20,"column":28}},"8":{"start":{"line":24,"column":4},"end":{"line":26,"column":5}},"9":{"start":{"line":25,"column":6},"end":{"line":25,"column":56}},"10":{"start":{"line":27,"column":4},"end":{"line":29,"column":5}},"11":{"start":{"line":28,"column":6},"end":{"line":28,"column":55}},"12":{"start":{"line":30,"column":4},"end":{"line":32,"column":5}},"13":{"start":{"line":31,"column":6},"end":{"line":31,"column":63}},"14":{"start":{"line":33,"column":4},"end":{"line":35,"column":5}},"15":{"start":{"line":34,"column":6},"end":{"line":34,"column":91}},"16":{"start":{"line":36,"column":4},"end":{"line":36,"column":15}},"17":{"start":{"line":40,"column":4},"end":{"line":40,"column":36}},"18":{"start":{"line":44,"column":4},"end":{"line":48,"column":5}},"19":{"start":{"line":53,"column":0},"end":{"line":53,"column":29}}},"fnMap":{"0":{"name":"(anonymous_0)","decl":{"start":{"line":8,"column":2},"end":{"line":8,"column":3}},"loc":{"start":{"line":8,"column":37},"end":{"line":13,"column":3}},"line":8},"1":{"name":"(anonymous_1)","decl":{"start":{"line":12,"column":12},"end":{"line":12,"column":13}},"loc":{"start":{"line":12,"column":20},"end":{"line":12,"column":26}},"line":12},"2":{"name":"(anonymous_2)","decl":{"start":{"line":15,"column":2},"end":{"line":15,"column":3}},"loc":{"start":{"line":15,"column":26},"end":{"line":21,"column":3}},"line":15},"3":{"name":"(anonymous_3)","decl":{"start":{"line":20,"column":12},"end":{"line":20,"column":13}},"loc":{"start":{"line":20,"column":24},"end":{"line":20,"column":28}},"line":20},"4":{"name":"(anonymous_4)","decl":{"start":{"line":23,"column":2},"end":{"line":23,"column":3}},"loc":{"start":{"line":23,"column":29},"end":{"line":37,"column":3}},"line":23},"5":{"name":"(anonymous_5)","decl":{"start":{"line":39,"column":2},"end":{"line":39,"column":3}},"loc":{"start":{"line":39,"column":25},"end":{"line":41,"column":3}},"line":39},"6":{"name":"(anonymous_6)","decl":{"start":{"line":43,"column":2},"end":{"line":43,"column":3}},"loc":{"start":{"line":43,"column":22},"end":{"line":49,"column":3}},"line":43}},"branchMap":{"0":{"loc":{"start":{"line":24,"column":4},"end":{"line":26,"column":5}},"type":"if","locations":[{"start":{"line":24,"column":4},"end":{"line":26,"column":5}},{"start":{"line":24,"column":4},"end":{"line":26,"column":5}}],"line":24},"1":{"loc":{"start":{"line":27,"column":4},"end":{"line":29,"column":5}},"type":"if","locations":[{"start":{"line":27,"column":4},"end":{"line":29,"column":5}},{"start":{"line":27,"column":4},"end":{"line":29,"column":5}}],"line":27},"2":{"loc":{"start":{"line":30,"column":4},"end":{"line":32,"column":5}},"type":"if","locations":[{"start":{"line":30,"column":4},"end":{"line":32,"column":5}},{"start":{"line":30,"column":4},"end":{"line":32,"column":5}}],"line":30},"3":{"loc":{"start":{"line":30,"column":8},"end":{"line":30,"column":58}},"type":"binary-expr","locations":[{"start":{"line":30,"column":8},"end":{"line":30,"column":32}},{"start":{"line":30,"column":36},"end":{"line":30,"column":58}}],"line":30},"4":{"loc":{"start":{"line":33,"column":4},"end":{"line":35,"column":5}},"type":"if","locations":[{"start":{"line":33,"column":4},"end":{"line":35,"column":5}},{"start":{"line":33,"column":4},"end":{"line":35,"column":5}}],"line":33}},"s":{"0":1,"1":1,"2":1,"3":1,"4":0,"5":0,"6":0,"7":0,"8":0,"9":0,"10":0,"11":0,"12":0,"13":0,"14":0,"15":0,"16":0,"17":0,"18":0,"19":1},"f":{"0":0,"1":0,"2":0,"3":0,"4":0,"5":0,"6":0},"b":{"0":[0,0],"1":[0,0],"2":[0,0],"3":[0,0],"4":[0,0]},"_coverageSchema":"1a1c01bbd47fc00a2c39e90264f33305004495a9","hash":"4211115991f594af3d224674301c7b2d4808f403","contentHash":"9bb719e36c545ec47550a13356a7f2af3cbb5466739c20fc845959117964cb80"},"/Users/cick/WebstormProjects/rmbr-me-server/src/auth/auth-router.js":{"path":"/Users/cick/WebstormProjects/rmbr-me-server/src/auth/auth-router.js","statementMap":{"0":{"start":{"line":1,"column":16},"end":{"line":1,"column":34}},"1":{"start":{"line":2,"column":20},"end":{"line":2,"column":45}},"2":{"start":{"line":4,"column":19},"end":{"line":4,"column":35}},"3":{"start":{"line":5,"column":19},"end":{"line":5,"column":33}},"4":{"start":{"line":7,"column":0},"end":{"line":46,"column":2}},"5":{"start":{"line":10,"column":36},"end":{"line":10,"column":44}},"6":{"start":{"line":11,"column":22},"end":{"line":11,"column":45}},"7":{"start":{"line":13,"column":4},"end":{"line":16,"column":82}},"8":{"start":{"line":15,"column":4},"end":{"line":16,"column":82}},"9":{"start":{"line":16,"column":8},"end":{"line":16,"column":82}},"10":{"start":{"line":18,"column":4},"end":{"line":45,"column":24}},"11":{"start":{"line":24,"column":16},"end":{"line":25,"column":85}},"12":{"start":{"line":25,"column":16},"end":{"line":25,"column":85}},"13":{"start":{"line":27,"column":16},"end":{"line":43,"column":18}},"14":{"start":{"line":30,"column":18},"end":{"line":35,"column":24}},"15":{"start":{"line":31,"column":20},"end":{"line":35,"column":24}},"16":{"start":{"line":37,"column":34},"end":{"line":37,"column":50}},"17":{"start":{"line":38,"column":38},"end":{"line":38,"column":60}},"18":{"start":{"line":39,"column":22},"end":{"line":41,"column":24}},"19":{"start":{"line":48,"column":0},"end":{"line":48,"column":27}}},"fnMap":{"0":{"name":"(anonymous_0)","decl":{"start":{"line":8,"column":28},"end":{"line":8,"column":29}},"loc":{"start":{"line":8,"column":48},"end":{"line":46,"column":1}},"line":8},"1":{"name":"(anonymous_1)","decl":{"start":{"line":23,"column":18},"end":{"line":23,"column":19}},"loc":{"start":{"line":23,"column":28},"end":{"line":44,"column":13}},"line":23},"2":{"name":"(anonymous_2)","decl":{"start":{"line":29,"column":22},"end":{"line":29,"column":23}},"loc":{"start":{"line":29,"column":38},"end":{"line":43,"column":17}},"line":29}},"branchMap":{"0":{"loc":{"start":{"line":15,"column":4},"end":{"line":16,"column":82}},"type":"if","locations":[{"start":{"line":15,"column":4},"end":{"line":16,"column":82}},{"start":{"line":15,"column":4},"end":{"line":16,"column":82}}],"line":15},"1":{"loc":{"start":{"line":24,"column":16},"end":{"line":25,"column":85}},"type":"if","locations":[{"start":{"line":24,"column":16},"end":{"line":25,"column":85}},{"start":{"line":24,"column":16},"end":{"line":25,"column":85}}],"line":24},"2":{"loc":{"start":{"line":30,"column":18},"end":{"line":35,"column":24}},"type":"if","locations":[{"start":{"line":30,"column":18},"end":{"line":35,"column":24}},{"start":{"line":30,"column":18},"end":{"line":35,"column":24}}],"line":30}},"s":{"0":1,"1":1,"2":1,"3":1,"4":1,"5":0,"6":0,"7":0,"8":0,"9":0,"10":0,"11":0,"12":0,"13":0,"14":0,"15":0,"16":0,"17":0,"18":0,"19":1},"f":{"0":0,"1":0,"2":0},"b":{"0":[0,0],"1":[0,0],"2":[0,0]},"_coverageSchema":"1a1c01bbd47fc00a2c39e90264f33305004495a9","hash":"4b2b624aa81dad05e13c4e309187ac049d2e0ebf","contentHash":"b93e9111ec941aebf553cb96a3acf48230594008a17245e14060daa3a33bafde"}}